<?xml version="1.0" encoding="UTF-8"?>
<testsuite xmlns:xsi="http://www.w3.org/2001/XMLSchema-instance" xsi:noNamespaceSchemaLocation="https://maven.apache.org/surefire/maven-surefire-plugin/xsd/surefire-test-report.xsd" version="3.0.2" name="bgu.spl.mics.application.objects.FusionSlamTest" time="0.058" tests="2" errors="0" skipped="0" failures="0">
  <properties>
[...]
</properties>
  <testcase name="setLandMarksTest" classname="bgu.spl.mics.application.objects.FusionSlamTest" time="0.033"/>
  <testcase name="poseTransformationTest" classname="bgu.spl.mics.application.objects.FusionSlamTest" time="0.0"/>
</testsuite>